<?xml version="1.0" encoding="UTF-8"?>
<!-- Generated by org.testng.reporters.JUnitReportReporter -->
<testsuite skipped="0" hostname="BEN" name="com.saucedemo.runner.RunnerFiles" tests="2" failures="0" timestamp="2023-03-11T19:19:56 ICT" time="9.171" errors="0">
  <testcase name="runScenario" time="4.279" classname="com.saucedemo.runner.RunnerFiles"/>
  <system-out/>
  <testcase name="runScenario" time="4.892" classname="com.saucedemo.runner.RunnerFiles"/>
  <system-out/>
</testsuite> <!-- com.saucedemo.runner.RunnerFiles -->
